[acceptance] START name=phase-01-comparison timeout=240s command=bash scripts/acceptance/run-phase-01-comparison.sh
[acceptance] START name=phase01-pytest timeout=240s command=python -m pytest -q tests/acceptance/test_comparison_operational.py tests/test_comparison_modes.py
...........................                                              [100%]
27 passed in 0.10s
[acceptance] END name=phase01-pytest duration=1s exit_code=0 timeout=false
[acceptance] START name=phase01-structural timeout=30s command=bash -c ! rg -n "if not has_canonical and mode == .visual.|mode = .hybrid.  # fallback automatico|got == expected_sig|signature_now\\(\\).*==|== expected_sig" gateway/dakota_gateway/replay.py gateway/dakota_gateway/replay_control.py
[acceptance] END name=phase01-structural duration=0s exit_code=0 timeout=false
[acceptance] GATE PASSED
[acceptance] END name=phase-01-comparison duration=1s exit_code=0 timeout=false
[acceptance] START name=phase-02-diffs timeout=240s command=bash scripts/acceptance/run-phase-02-diffs.sh
[acceptance] START name=phase02-pytest timeout=240s command=python -m pytest -q tests/acceptance/test_diff_protocol_adversarial.py tests/test_diff_validation.py
....................................                                     [100%]
36 passed in 0.62s
[acceptance] END name=phase02-pytest duration=2s exit_code=0 timeout=false
[acceptance] GATE PASSED
[acceptance] END name=phase-02-diffs duration=2s exit_code=0 timeout=false
[acceptance] START name=phase-03-sessions timeout=240s command=bash scripts/acceptance/run-phase-03-sessions.sh
[acceptance] START name=phase03-pytest timeout=240s command=python -m pytest -q tests/acceptance/test_strict_global_session_isolation.py tests/test_scanner_and_isolation.py
..........................                                               [100%]
26 passed in 0.18s
[acceptance] END name=phase03-pytest duration=0s exit_code=0 timeout=false
[acceptance] GATE PASSED
[acceptance] END name=phase-03-sessions duration=1s exit_code=0 timeout=false
[acceptance] START name=phase-04-snapshots-gateway timeout=240s command=bash scripts/acceptance/run-phase-04-snapshots-gateway.sh
[acceptance] START name=phase04-pytest timeout=240s command=python -m pytest -q tests/acceptance/test_snapshot_contracts.py tests/acceptance/test_gateway_persisted_out_event.py tests/acceptance/test_public_api_and_engine_decoder_contract.py
.....                                                                    [100%]
5 passed in 0.06s
[acceptance] END name=phase04-pytest duration=0s exit_code=0 timeout=false
[acceptance] GATE PASSED
[acceptance] END name=phase-04-snapshots-gateway duration=0s exit_code=0 timeout=false
[acceptance] START name=phase-05-payload-frontend timeout=240s command=bash scripts/acceptance/run-phase-05-payload-frontend.sh
[acceptance] START name=phase05-pytest timeout=240s command=python -m pytest -q tests/acceptance/test_payload_no_duplication.py
..                                                                       [100%]
2 passed in 0.05s
[acceptance] END name=phase05-pytest duration=1s exit_code=0 timeout=false
[acceptance] START name=phase05-node timeout=240s command=node --test tests/js/acceptance/terminal_payload_adversarial.test.mjs tests/js/acceptance/playback_event_references.test.mjs
TAP version 13
# Subtest: timeline and playback payloads use event_refs instead of duplicating full events
ok 1 - timeline and playback payloads use event_refs instead of duplicating full events
  ---
  duration_ms: 1.32372
  ...
# decodeSnapshotPayload: payload invalido
# decodeSnapshotPayload: payload invalido
# decodeSnapshotPayload: payload invalido
# decodeSnapshotPayload: payload invalido
# decodeSnapshotPayload: payload invalido
# decodeSnapshotPayload: payload invalido
# decodeSnapshotPayload: payload invalido
# Subtest: snapshot validation rejects hostile numeric shapes before allocation
ok 2 - snapshot validation rejects hostile numeric shapes before allocation
  ---
  duration_ms: 3.315573
  ...
# Subtest: diff validation rejects hostile sequence, resize and coordinate payloads
ok 3 - diff validation rejects hostile sequence, resize and coordinate payloads
  ---
  duration_ms: 0.534172
  ...
# Subtest: applyDiff refuses to copy declared signatures blindly
ok 4 - applyDiff refuses to copy declared signatures blindly
  ---
  duration_ms: 1.953036
  ...
1..4
# tests 4
# suites 0
# pass 4
# fail 0
# cancelled 0
# skipped 0
# todo 0
# duration_ms 86.845502
[acceptance] END name=phase05-node duration=0s exit_code=0 timeout=false
[acceptance] GATE PASSED
[acceptance] END name=phase-05-payload-frontend duration=1s exit_code=0 timeout=false
[acceptance] START name=phase-06-decoder-fixture timeout=240s command=bash scripts/acceptance/run-phase-06-decoder-fixture.sh
[acceptance] START name=phase06-pytest timeout=240s command=python -m pytest -q tests/acceptance/test_decoder_warning_contract.py tests/acceptance/test_raw_capture8_pipeline.py
..                                                                       [100%]
2 passed in 0.05s
[acceptance] END name=phase06-pytest duration=0s exit_code=0 timeout=false
[acceptance] GATE PASSED
[acceptance] END name=phase-06-decoder-fixture duration=1s exit_code=0 timeout=false
[acceptance] START name=phase-07-visual-runner timeout=240s command=bash scripts/acceptance/run-phase-07-visual-runner.sh
[acceptance] START name=phase07-pytest timeout=240s command=python -m pytest -q tests/acceptance/test_runner_contract.py tests/test_test_runner_script.py tests/test_terminal_snapshot_css_contract.py
..............                                                           [100%]
14 passed in 1.57s
[acceptance] END name=phase07-pytest duration=2s exit_code=0 timeout=false
[acceptance] START name=phase07-js timeout=240s command=node --test gateway/control/static/js/components/terminal_snapshot_renderer.test.mjs gateway/control/static/js/components/replay_snapshot_state.test.mjs
TAP version 13
# Subtest: factory creates ReplaySnapshotState
ok 1 - factory creates ReplaySnapshotState
  ---
  duration_ms: 3.134828
  ...
# Subtest: initial state is not initialized
ok 2 - initial state is not initialized
  ---
  duration_ms: 0.41931
  ...
# Subtest: loadInitialSnapshot succeeds with valid payload
ok 3 - loadInitialSnapshot succeeds with valid payload
  ---
  duration_ms: 0.705533
  ...
# Subtest: loadInitialSnapshot fails with null
ok 4 - loadInitialSnapshot fails with null
  ---
  duration_ms: 0.353034
  ...
# Subtest: loadInitialSnapshot fails with invalid payload
ok 5 - loadInitialSnapshot fails with invalid payload
  ---
  duration_ms: 0.469142
  ...
# Subtest: applyCheckpoint replaces state
ok 6 - applyCheckpoint replaces state
  ---
  duration_ms: 0.483237
  ...
# Subtest: applyCheckpoint fails with null
ok 7 - applyCheckpoint fails with null
  ---
  duration_ms: 0.385642
  ...
# Subtest: applyEventDiff applies cell change
ok 8 - applyEventDiff applies cell change
  ---
  duration_ms: 0.893649
  ...
# Subtest: applyEventDiff rejects null diff
ok 9 - applyEventDiff rejects null diff
  ---
  duration_ms: 0.635762
  ...
# Subtest: applyEventDiff rejects base_seq_global mismatch
ok 10 - applyEventDiff rejects base_seq_global mismatch
  ---
  duration_ms: 1.106014
  ...
# Subtest: applyEventDiff rejects base_text_sig mismatch
ok 11 - applyEventDiff rejects base_text_sig mismatch
  ---
  duration_ms: 0.812619
  ...
# Subtest: applyEventDiff only called once per event
ok 12 - applyEventDiff only called once per event
  ---
  duration_ms: 0.60337
  ...
# Subtest: checkpoint + diffs produces correct final state
ok 13 - checkpoint + diffs produces correct final state
  ---
  duration_ms: 0.670734
  ...
# Subtest: geometry change via checkpoint preserves cells
ok 14 - geometry change via checkpoint preserves cells
  ---
  duration_ms: 0.379197
  ...
# Subtest: renderHtml returns HTML string
ok 15 - renderHtml returns HTML string
  ---
  duration_ms: 0.669051
  ...
# Subtest: renderText returns text preserving geometry
ok 16 - renderText returns text preserving geometry
  ---
  duration_ms: 0.308266
  ...
# Subtest: clone produces independent copy
ok 17 - clone produces independent copy
  ---
  duration_ms: 0.311242
  ...
# Subtest: reset clears all state
ok 18 - reset clears all state
  ---
  duration_ms: 0.218519
  ...
# Subtest: textSig and visualSig reflect current state
ok 19 - textSig and visualSig reflect current state
  ---
  duration_ms: 0.219425
  ...
# decodeSnapshotPayload: payload invalido
# Subtest: validateSnapshotPayload accepts valid snapshot
ok 20 - validateSnapshotPayload accepts valid snapshot
  ---
  duration_ms: 117.118254
  ...
# Subtest: validateSnapshotPayload rejects null
ok 21 - validateSnapshotPayload rejects null
  ---
  duration_ms: 0.22732
  ...
# Subtest: validateSnapshotPayload rejects missing cells/runs
ok 22 - validateSnapshotPayload rejects missing cells/runs
  ---
  duration_ms: 0.226828
  ...
# Subtest: validateSnapshotPayload rejects huge geometry
ok 23 - validateSnapshotPayload rejects huge geometry
  ---
  duration_ms: 0.194877
  ...
# Subtest: validateSnapshotPayload rejects zero rows
ok 24 - validateSnapshotPayload rejects zero rows
  ---
  duration_ms: 0.306727
  ...
# Subtest: validateSnapshotPayload rejects negative cols
ok 25 - validateSnapshotPayload rejects negative cols
  ---
  duration_ms: 0.17278
  ...
# Subtest: validateSnapshotPayload rejects float rows
ok 26 - validateSnapshotPayload rejects float rows
  ---
  duration_ms: 0.265046
  ...
# Subtest: decodeSnapshotPayload handles compact format
ok 27 - decodeSnapshotPayload handles compact format
  ---
  duration_ms: 0.470342
  ...
# Subtest: decodeSnapshotPayload handles cells directly
ok 28 - decodeSnapshotPayload handles cells directly
  ---
  duration_ms: 1.190493
  ...
# Subtest: decodeSnapshotPayload rejects huge geometry
ok 29 - decodeSnapshotPayload rejects huge geometry
  ---
  duration_ms: 1.356624
  ...
# Subtest: applyDiff applies cell changes
ok 30 - applyDiff applies cell changes
  ---
  duration_ms: 2.163269
  ...
# Subtest: applyDiff recalculates signatures instead of copying declared values
ok 31 - applyDiff recalculates signatures instead of copying declared values
  ---
  duration_ms: 4.161682
  ...
# Subtest: applyDiff handles geometry change
ok 32 - applyDiff handles geometry change
  ---
  duration_ms: 0.627647
  ...
# Subtest: cloneSnapshot deep copies cells
ok 33 - cloneSnapshot deep copies cells
  ---
  duration_ms: 0.920508
  ...
# Subtest: renderSnapshotToHtml produces spans with classes
ok 34 - renderSnapshotToHtml produces spans with classes
  ---
  duration_ms: 2.011097
  ...
# Subtest: renderSnapshotToHtml groups consecutive same-attrs cells
ok 35 - renderSnapshotToHtml groups consecutive same-attrs cells
  ---
  duration_ms: 1.165853
  ...
# Subtest: renderSnapshotToText preserves geometry
ok 36 - renderSnapshotToText preserves geometry
  ---
  duration_ms: 0.826858
  ...
# Subtest: renderSnapshotToHtml handles empty snapshot
ok 37 - renderSnapshotToHtml handles empty snapshot
  ---
  duration_ms: 0.099759
  ...
# Subtest: validateDiffPayload accepts valid diff
ok 38 - validateDiffPayload accepts valid diff
  ---
  duration_ms: 0.11658
  ...
# Subtest: validateDiffPayload rejects invalid
ok 39 - validateDiffPayload rejects invalid
  ---
  duration_ms: 0.121296
  ...
# Subtest: Unicode outside BMP not split into surrogate pairs
ok 40 - Unicode outside BMP not split into surrogate pairs
  ---
  duration_ms: 0.202957
  ...
1..40
# tests 40
# suites 0
# pass 40
# fail 0
# cancelled 0
# skipped 0
# todo 0
# duration_ms 292.530229
[acceptance] END name=phase07-js duration=0s exit_code=0 timeout=false
[acceptance] GATE PASSED
[acceptance] END name=phase-07-visual-runner duration=2s exit_code=0 timeout=false
[acceptance] START name=acceptance-hash-check timeout=30s command=sha256sum -c artifacts/acceptance-test-baseline.sha256
tests/acceptance/test_comparison_operational.py: OK
tests/acceptance/test_decoder_warning_contract.py: OK
tests/acceptance/test_diff_protocol_adversarial.py: OK
tests/acceptance/test_gateway_persisted_out_event.py: OK
tests/acceptance/test_payload_no_duplication.py: OK
tests/acceptance/test_public_api_and_engine_decoder_contract.py: OK
tests/acceptance/test_raw_capture8_pipeline.py: OK
tests/acceptance/test_runner_contract.py: OK
tests/acceptance/test_snapshot_contracts.py: OK
tests/acceptance/test_strict_global_session_isolation.py: OK
tests/js/acceptance/playback_event_references.test.mjs: OK
tests/js/acceptance/terminal_payload_adversarial.test.mjs: OK
[acceptance] END name=acceptance-hash-check duration=0s exit_code=0 timeout=false
[acceptance] START name=python-acceptance timeout=240s command=python -m pytest -q tests/acceptance
..........................................                               [100%]
42 passed in 0.14s
[acceptance] END name=python-acceptance duration=1s exit_code=0 timeout=false
[acceptance] START name=js-acceptance timeout=240s command=node --test tests/js/acceptance/playback_event_references.test.mjs tests/js/acceptance/terminal_payload_adversarial.test.mjs
TAP version 13
# Subtest: timeline and playback payloads use event_refs instead of duplicating full events
ok 1 - timeline and playback payloads use event_refs instead of duplicating full events
  ---
  duration_ms: 2.81907
  ...
# decodeSnapshotPayload: payload invalido
# decodeSnapshotPayload: payload invalido
# decodeSnapshotPayload: payload invalido
# decodeSnapshotPayload: payload invalido
# decodeSnapshotPayload: payload invalido
# decodeSnapshotPayload: payload invalido
# decodeSnapshotPayload: payload invalido
# Subtest: snapshot validation rejects hostile numeric shapes before allocation
ok 2 - snapshot validation rejects hostile numeric shapes before allocation
  ---
  duration_ms: 2.503702
  ...
# Subtest: diff validation rejects hostile sequence, resize and coordinate payloads
ok 3 - diff validation rejects hostile sequence, resize and coordinate payloads
  ---
  duration_ms: 1.140982
  ...
# Subtest: applyDiff refuses to copy declared signatures blindly
ok 4 - applyDiff refuses to copy declared signatures blindly
  ---
  duration_ms: 2.954212
  ...
1..4
# tests 4
# suites 0
# pass 4
# fail 0
# cancelled 0
# skipped 0
# todo 0
# duration_ms 87.688335
[acceptance] END name=js-acceptance duration=0s exit_code=0 timeout=false
[acceptance] START name=scripts-test-all timeout=700s command=bash scripts/test-all.sh

[1m=== Replay2 — Suite de Testes ===[0m
Modo: completo
Host remoto: 10.5.8.24:8080

[1m=== 1. JavaScript ===[0m
[1m--- JS: virtual_terminal ---[0m
  cmd: node --test gateway/control/static/js/virtual_terminal.test.mjs
TAP version 13
# Subtest: TEST 1 — reverse video does not create markers
ok 1 - TEST 1 — reverse video does not create markers
  ---
  duration_ms: 4.461423
  ...
# Subtest: TEST 2 — reverse spaces preserved
ok 2 - TEST 2 — reverse spaces preserved
  ---
  duration_ms: 0.958577
  ...
# Subtest: TEST 3 — empty lines preserved
ok 3 - TEST 3 — empty lines preserved
  ---
  duration_ms: 1.40366
  ...
# Subtest: TEST 4 — ESC isolated between chunks
ok 4 - TEST 4 — ESC isolated between chunks
  ---
  duration_ms: 3.49338
  ...
# Subtest: TEST 5 — CSI split in multiple points
ok 5 - TEST 5 — CSI split in multiple points
  ---
  duration_ms: 1.310288
  ...
# Subtest: TEST 6 — DEC charset split
ok 6 - TEST 6 — DEC charset split
  ---
  duration_ms: 1.288099
  ...
# Subtest: TEST 7 — CSI 2J does not move cursor
ok 7 - TEST 7 — CSI 2J does not move cursor
  ---
  duration_ms: 1.283383
  ...
# Subtest: TEST 8 — CSI 0J, 1J and 2J
ok 8 - TEST 8 — CSI 0J, 1J and 2J
  ---
  duration_ms: 1.08743
  ...
# Subtest: TEST 9 — CSI 0K, 1K and 2K
ok 9 - TEST 9 — CSI 0K, 1K and 2K
  ---
  duration_ms: 0.880919
  ...
# Subtest: TEST 10 — scroll synchronized
ok 10 - TEST 10 — scroll synchronized
  ---
  duration_ms: 0.62355
  ...
# Subtest: TEST 11 — fixed dimensions
ok 11 - TEST 11 — fixed dimensions
  ---
  duration_ms: 0.581156
  ...
# Subtest: TEST 12 — timing
ok 12 - TEST 12 — timing
  ---
  duration_ms: 0.218155
  ...
# Subtest: TEST 13 — grouping without duplication
ok 13 - TEST 13 — grouping without duplication
  ---
  duration_ms: 0.786139
  ...
# Subtest: TEST 14 — one-byte events not discarded
ok 14 - TEST 14 — one-byte events not discarded
  ---
  duration_ms: 0.387913
  ...
# Subtest: TEST 15 — snapshot not re-fed
ok 15 - TEST 15 — snapshot not re-fed
  ---
  duration_ms: 0.154308
  ...
# Subtest: TEST 16 — same flow with different chunking
ok 16 - TEST 16 — same flow with different chunking
  ---
  duration_ms: 4.341202
  ...
# Subtest: TEST 17 — wrapPending + LF no double advance
ok 17 - TEST 17 — wrapPending + LF no double advance
  ---
  duration_ms: 0.187403
  ...
# Subtest: TEST 18 — RIS full terminal reset
ok 18 - TEST 18 — RIS full terminal reset
  ---
  duration_ms: 1.437432
  ...
# Subtest: TEST 19 — IND index down
ok 19 - TEST 19 — IND index down
  ---
  duration_ms: 0.463322
  ...
# Subtest: TEST 20 — NEL next line column zero
ok 20 - TEST 20 — NEL next line column zero
  ---
  duration_ms: 0.298941
  ...
# Subtest: TEST 21 — SGR 2 means dim not bold-off
ok 21 - TEST 21 — SGR 2 means dim not bold-off
  ---
  duration_ms: 0.668022
  ...
# Subtest: TEST 22 — SGR 22 resets bold and dim
ok 22 - TEST 22 — SGR 22 resets bold and dim
  ---
  duration_ms: 0.435057
  ...
# Subtest: TEST 23 — feedBase64 handles UTF-8 split across two events
ok 23 - TEST 23 — feedBase64 handles UTF-8 split across two events
  ---
  duration_ms: 0.547494
  ...
# Subtest: TEST 24 — feedBase64 handles 3-byte UTF-8 split
ok 24 - TEST 24 — feedBase64 handles 3-byte UTF-8 split
  ---
  duration_ms: 0.357381
  ...
# Subtest: TEST 25 — feedBase64 handles 4-byte UTF-8 as one code point
ok 25 - TEST 25 — feedBase64 handles 4-byte UTF-8 as one code point
  ---
  duration_ms: 0.46644
  ...
# Subtest: TEST 26 — feedBase64 with CP850 encoding
ok 26 - TEST 26 — feedBase64 with CP850 encoding
  ---
  duration_ms: 0.725922
  ...
# Subtest: TEST 27 — feedBase64 with CP437 encoding
ok 27 - TEST 27 — feedBase64 with CP437 encoding
  ---
  duration_ms: 1.440345
  ...
# Subtest: TEST 28 — feedBase64 with ISO-8859-1 encoding
ok 28 - TEST 28 — feedBase64 with ISO-8859-1 encoding
  ---
  duration_ms: 0.896791
  ...
# Subtest: TEST 29 — renderSnapshot preserves cell attributes (reverse, fg, bg)
ok 29 - TEST 29 — renderSnapshot preserves cell attributes (reverse, fg, bg)
  ---
  duration_ms: 7.98836
  ...
# Subtest: TEST 30 — renderSnapshotHtml produces spans with color classes
ok 30 - TEST 30 — renderSnapshotHtml produces spans with color classes
  ---
  duration_ms: 10.22338
  ...
# Subtest: TEST 31 — TAB at column 0 goes to column 8
ok 31 - TEST 31 — TAB at column 0 goes to column 8
  ---
  duration_ms: 0.887602
  ...
# Subtest: TEST 32 — TAB at column 7 goes to column 8
ok 32 - TEST 32 — TAB at column 7 goes to column 8
  ---
  duration_ms: 0.452983
  ...
# Subtest: TEST 33 — TAB near last column stays within bounds
ok 33 - TEST 33 — TAB near last column stays within bounds
  ---
  duration_ms: 0.226702
  ...
# Subtest: TEST 34 — text_sig differs for different geometries
ok 34 - TEST 34 — text_sig differs for different geometries
  ---
  duration_ms: 0.724696
  ...
# Subtest: TEST 35 — visual_sig differs: A normal vs A reverse
ok 35 - TEST 35 — visual_sig differs: A normal vs A reverse
  ---
  duration_ms: 0.350082
  ...
# Subtest: TEST 35b — browser sandbox signatures do not require node:crypto
ok 36 - TEST 35b — browser sandbox signatures do not require node:crypto
  ---
  duration_ms: 7.981446
  ...
# Subtest: TEST 36 — SGR 28 resets hidden
ok 37 - TEST 36 — SGR 28 resets hidden
  ---
  duration_ms: 0.443584
  ...
# Subtest: TEST 37 — SGR 25 resets blink
ok 38 - TEST 37 — SGR 25 resets blink
  ---
  duration_ms: 0.421677
  ...
# Subtest: TEST 38 — createVirtualTerminal rejects invalid geometry before allocation
ok 39 - TEST 38 — createVirtualTerminal rejects invalid geometry before allocation
  ---
  duration_ms: 22.743403
  ...
# Subtest: TEST 39 — CR then LF: CR returns to col 0, LF advances row
ok 40 - TEST 39 — CR then LF: CR returns to col 0, LF advances row
  ---
  duration_ms: 0.163911
  ...
# Subtest: TEST 40 — LF in middle column: advances row, preserves column
ok 41 - TEST 40 — LF in middle column: advances row, preserves column
  ---
  duration_ms: 0.126395
  ...
# Subtest: TEST 41 — RIS clears all SGR flags and decoder state
ok 42 - TEST 41 — RIS clears all SGR flags and decoder state
  ---
  duration_ms: 0.624488
  ...
1..42
# tests 42
# suites 0
# pass 42
# fail 0
# cancelled 0
# skipped 0
# todo 0
# duration_ms 216.142731
  [0;32m[PASS][0m JS: virtual_terminal (1s)
[1m--- JS: capture_replay_timeline ---[0m
  cmd: node --test gateway/control/static/js/components/capture_replay_timeline.test.mjs
TAP version 13
# Subtest: groups OUT events by proximity
ok 1 - groups OUT events by proximity
  ---
  duration_ms: 1.448046
  ...
# Subtest: IN events create boundaries between groups
ok 2 - IN events create boundaries between groups
  ---
  duration_ms: 0.22344
  ...
# Subtest: empty events array returns empty
ok 3 - empty events array returns empty
  ---
  duration_ms: 0.230869
  ...
# Subtest: snapshot preserves geometry
ok 4 - snapshot preserves geometry
  ---
  duration_ms: 4.350945
  ...
# Subtest: clear-screen produces empty snapshot (not discarded)
ok 5 - clear-screen produces empty snapshot (not discarded)
  ---
  duration_ms: 11.23908
  ...
# Subtest: snapshot includes text_sig and visual_sig
ok 6 - snapshot includes text_sig and visual_sig
  ---
  duration_ms: 4.889585
  ...
# Subtest: text_sig stable for same text, visual_sig changes with attributes
ok 7 - text_sig stable for same text, visual_sig changes with attributes
  ---
  duration_ms: 6.165206
  ...
# Subtest: snapshot includes canonical cell data (snapshot field)
ok 8 - snapshot includes canonical cell data (snapshot field)
  ---
  duration_ms: 1.277915
  ...
# Subtest: snapshot_html is present for terminal_snapshot
ok 9 - snapshot_html is present for terminal_snapshot
  ---
  duration_ms: 2.498963
  ...
# Subtest: diff applies correctly between snapshots
ok 10 - diff applies correctly between snapshots
  ---
  duration_ms: 0.600473
  ...
# Subtest: encoding UTF-8 split via snapshot works
ok 11 - encoding UTF-8 split via snapshot works
  ---
  duration_ms: 1.042454
  ...
# Subtest: encoding CP850 via snapshot works
ok 12 - encoding CP850 via snapshot works
  ---
  duration_ms: 0.821553
  ...
# Subtest: grouped snapshot preserves chunks via snapshot
ok 13 - grouped snapshot preserves chunks via snapshot
  ---
  duration_ms: 6.026389
  ...
# Subtest: grouped three events via snapshot works
ok 14 - grouped three events via snapshot works
  ---
  duration_ms: 10.367559
  ...
# Subtest: detailed display decodes UTF-8 and falls back unknown encoding to UTF-8
ok 15 - detailed display decodes UTF-8 and falls back unknown encoding to UTF-8
  ---
  duration_ms: 0.529959
  ...
# Subtest: detailed display decodes CP850 and CP437 without browser TextDecoder support
ok 16 - detailed display decodes CP850 and CP437 without browser TextDecoder support
  ---
  duration_ms: 0.576062
  ...
# Subtest: detailed display sanitizes ANSI after decoding
ok 17 - detailed display sanitizes ANSI after decoding
  ---
  duration_ms: 0.279829
  ...
1..17
# tests 17
# suites 0
# pass 17
# fail 0
# cancelled 0
# skipped 0
# todo 0
# duration_ms 136.474902
  [0;32m[PASS][0m JS: capture_replay_timeline (0s)
[1m--- JS: terminal_snapshot_renderer ---[0m
  cmd: node --test gateway/control/static/js/components/terminal_snapshot_renderer.test.mjs
TAP version 13
# decodeSnapshotPayload: payload invalido
# Subtest: validateSnapshotPayload accepts valid snapshot
ok 1 - validateSnapshotPayload accepts valid snapshot
  ---
  duration_ms: 85.723957
  ...
# Subtest: validateSnapshotPayload rejects null
ok 2 - validateSnapshotPayload rejects null
  ---
  duration_ms: 0.22384
  ...
# Subtest: validateSnapshotPayload rejects missing cells/runs
ok 3 - validateSnapshotPayload rejects missing cells/runs
  ---
  duration_ms: 0.175156
  ...
# Subtest: validateSnapshotPayload rejects huge geometry
ok 4 - validateSnapshotPayload rejects huge geometry
  ---
  duration_ms: 0.15815
  ...
# Subtest: validateSnapshotPayload rejects zero rows
ok 5 - validateSnapshotPayload rejects zero rows
  ---
  duration_ms: 0.261197
  ...
# Subtest: validateSnapshotPayload rejects negative cols
ok 6 - validateSnapshotPayload rejects negative cols
  ---
  duration_ms: 0.144529
  ...
# Subtest: validateSnapshotPayload rejects float rows
ok 7 - validateSnapshotPayload rejects float rows
  ---
  duration_ms: 0.294936
  ...
# Subtest: decodeSnapshotPayload handles compact format
ok 8 - decodeSnapshotPayload handles compact format
  ---
  duration_ms: 0.460441
  ...
# Subtest: decodeSnapshotPayload handles cells directly
ok 9 - decodeSnapshotPayload handles cells directly
  ---
  duration_ms: 1.768419
  ...
# Subtest: decodeSnapshotPayload rejects huge geometry
ok 10 - decodeSnapshotPayload rejects huge geometry
  ---
  duration_ms: 1.44895
  ...
# Subtest: applyDiff applies cell changes
ok 11 - applyDiff applies cell changes
  ---
  duration_ms: 1.291168
  ...
# Subtest: applyDiff recalculates signatures instead of copying declared values
ok 12 - applyDiff recalculates signatures instead of copying declared values
  ---
  duration_ms: 2.756246
  ...
# Subtest: applyDiff handles geometry change
ok 13 - applyDiff handles geometry change
  ---
  duration_ms: 0.580931
  ...
# Subtest: cloneSnapshot deep copies cells
ok 14 - cloneSnapshot deep copies cells
  ---
  duration_ms: 0.631371
  ...
# Subtest: renderSnapshotToHtml produces spans with classes
ok 15 - renderSnapshotToHtml produces spans with classes
  ---
  duration_ms: 1.462661
  ...
# Subtest: renderSnapshotToHtml groups consecutive same-attrs cells
ok 16 - renderSnapshotToHtml groups consecutive same-attrs cells
  ---
  duration_ms: 0.91832
  ...
# Subtest: renderSnapshotToText preserves geometry
ok 17 - renderSnapshotToText preserves geometry
  ---
  duration_ms: 0.976178
  ...
# Subtest: renderSnapshotToHtml handles empty snapshot
ok 18 - renderSnapshotToHtml handles empty snapshot
  ---
  duration_ms: 0.132472
  ...
# Subtest: validateDiffPayload accepts valid diff
ok 19 - validateDiffPayload accepts valid diff
  ---
  duration_ms: 0.127135
  ...
# Subtest: validateDiffPayload rejects invalid
ok 20 - validateDiffPayload rejects invalid
  ---
  duration_ms: 0.086541
  ...
# Subtest: Unicode outside BMP not split into surrogate pairs
ok 21 - Unicode outside BMP not split into surrogate pairs
  ---
  duration_ms: 0.15211
  ...
1..21
# tests 21
# suites 0
# pass 21
# fail 0
# cancelled 0
# skipped 0
# todo 0
# duration_ms 189.156207
  [0;32m[PASS][0m JS: terminal_snapshot_renderer (0s)
[1m--- JS: replay_snapshot_state ---[0m
  cmd: node --test gateway/control/static/js/components/replay_snapshot_state.test.mjs
TAP version 13
# Subtest: factory creates ReplaySnapshotState
ok 1 - factory creates ReplaySnapshotState
  ---
  duration_ms: 2.229247
  ...
# Subtest: initial state is not initialized
ok 2 - initial state is not initialized
  ---
  duration_ms: 0.249062
  ...
# Subtest: loadInitialSnapshot succeeds with valid payload
ok 3 - loadInitialSnapshot succeeds with valid payload
  ---
  duration_ms: 0.344516
  ...
# Subtest: loadInitialSnapshot fails with null
ok 4 - loadInitialSnapshot fails with null
  ---
  duration_ms: 0.144914
  ...
# Subtest: loadInitialSnapshot fails with invalid payload
ok 5 - loadInitialSnapshot fails with invalid payload
  ---
  duration_ms: 0.19932
  ...
# Subtest: applyCheckpoint replaces state
ok 6 - applyCheckpoint replaces state
  ---
  duration_ms: 0.288666
  ...
# Subtest: applyCheckpoint fails with null
ok 7 - applyCheckpoint fails with null
  ---
  duration_ms: 0.221656
  ...
# Subtest: applyEventDiff applies cell change
ok 8 - applyEventDiff applies cell change
  ---
  duration_ms: 0.69462
  ...
# Subtest: applyEventDiff rejects null diff
ok 9 - applyEventDiff rejects null diff
  ---
  duration_ms: 0.567758
  ...
# Subtest: applyEventDiff rejects base_seq_global mismatch
ok 10 - applyEventDiff rejects base_seq_global mismatch
  ---
  duration_ms: 0.733717
  ...
# Subtest: applyEventDiff rejects base_text_sig mismatch
ok 11 - applyEventDiff rejects base_text_sig mismatch
  ---
  duration_ms: 0.514382
  ...
# Subtest: applyEventDiff only called once per event
ok 12 - applyEventDiff only called once per event
  ---
  duration_ms: 0.208032
  ...
# Subtest: checkpoint + diffs produces correct final state
ok 13 - checkpoint + diffs produces correct final state
  ---
  duration_ms: 0.18425
  ...
# Subtest: geometry change via checkpoint preserves cells
ok 14 - geometry change via checkpoint preserves cells
  ---
  duration_ms: 0.11372
  ...
# Subtest: renderHtml returns HTML string
ok 15 - renderHtml returns HTML string
  ---
  duration_ms: 0.245851
  ...
# Subtest: renderText returns text preserving geometry
ok 16 - renderText returns text preserving geometry
  ---
  duration_ms: 0.128978
  ...
# Subtest: clone produces independent copy
ok 17 - clone produces independent copy
  ---
  duration_ms: 0.128641
  ...
# Subtest: reset clears all state
ok 18 - reset clears all state
  ---
  duration_ms: 0.106391
  ...
# Subtest: textSig and visualSig reflect current state
ok 19 - textSig and visualSig reflect current state
  ---
  duration_ms: 0.11162
  ...
1..19
# tests 19
# suites 0
# pass 19
# fail 0
# cancelled 0
# skipped 0
# todo 0
# duration_ms 90.569799
  [0;32m[PASS][0m JS: replay_snapshot_state (1s)
[1m--- JS: checkpoint_seek ---[0m
  cmd: node --test gateway/control/static/js/components/checkpoint_seek.test.mjs
TAP version 13
# Subtest: findBestCheckpoint returns null for empty list
ok 1 - findBestCheckpoint returns null for empty list
  ---
  duration_ms: 1.009096
  ...
# Subtest: findBestCheckpoint returns only checkpoint <= target
ok 2 - findBestCheckpoint returns only checkpoint <= target
  ---
  duration_ms: 0.375395
  ...
# Subtest: findBestCheckpoint returns exact match
ok 3 - findBestCheckpoint returns exact match
  ---
  duration_ms: 0.147679
  ...
# Subtest: findBestCheckpoint returns last if target beyond all
ok 4 - findBestCheckpoint returns last if target beyond all
  ---
  duration_ms: 0.146351
  ...
# Subtest: findBestCheckpoint returns first if target before second
ok 5 - findBestCheckpoint returns first if target before second
  ---
  duration_ms: 1.144913
  ...
# Subtest: seek from checkpoint + apply diffs reaches target
ok 6 - seek from checkpoint + apply diffs reaches target
  ---
  duration_ms: 0.556784
  ...
# Subtest: seek with multiple checkpoints uses closest
ok 7 - seek with multiple checkpoints uses closest
  ---
  duration_ms: 0.160121
  ...
# Subtest: seek does not apply event beyond target
ok 8 - seek does not apply event beyond target
  ---
  duration_ms: 0.290695
  ...
# Subtest: seek to non-existent seq returns null checkpoint
ok 9 - seek to non-existent seq returns null checkpoint
  ---
  duration_ms: 0.398376
  ...
1..9
# tests 9
# suites 0
# pass 9
# fail 0
# cancelled 0
# skipped 0
# todo 0
# duration_ms 89.442713
  [0;32m[PASS][0m JS: checkpoint_seek (0s)
[1m--- JS: template_syntax ---[0m
  cmd: node --test gateway/control/static/js/components/template_syntax.test.mjs
TAP version 13
# Subtest: capture_session_replay.html has valid JavaScript syntax
ok 1 - capture_session_replay.html has valid JavaScript syntax
  ---
  duration_ms: 64.545755
  ...
# Subtest: all HTML templates in gateway have valid JavaScript
ok 2 - all HTML templates in gateway have valid JavaScript
  ---
  duration_ms: 257.588787
  ...
1..2
# tests 2
# suites 0
# pass 2
# fail 0
# cancelled 0
# skipped 0
# todo 0
# duration_ms 390.449423
  [0;32m[PASS][0m JS: template_syntax (0s)
[1m--- JS: production_no_terminal_parser ---[0m
  cmd: node --test gateway/control/static/js/components/production_no_terminal_parser.test.mjs
TAP version 13
# Subtest: production files do not reference virtual_terminal.cjs
ok 1 - production files do not reference virtual_terminal.cjs
  ---
  duration_ms: 6.095367
  ...
# Subtest: production files do not reference window.DakVT
ok 2 - production files do not reference window.DakVT
  ---
  duration_ms: 4.426024
  ...
# Subtest: virtual_terminal.cjs does not exist in production static/js
ok 3 - virtual_terminal.cjs does not exist in production static/js
  ---
  duration_ms: 0.80139
  ...
# Subtest: virtual_terminal.cjs exists only in tests/oracles
ok 4 - virtual_terminal.cjs exists only in tests/oracles
  ---
  duration_ms: 0.435738
  ...
1..4
# tests 4
# suites 0
# pass 4
# fail 0
# cancelled 0
# skipped 0
# todo 0
# duration_ms 87.967777
  [0;32m[PASS][0m JS: production_no_terminal_parser (1s)

[1m=== 2. Python ===[0m
[1m--- Python: tests/ ---[0m
  cmd: sh -c PYTHONPATH=gateway\ python3\ -m\ pytest\ \ -q\ tests/
........................................................................ [ 11%]
........................................................................ [ 22%]
.................................. [ 27%]
................................................................. [ 37%]
........................................................................ [ 48%]
........................................................................ [ 60%]
...................................................................... [ 70%]
........................................................................ [ 82%]
........................................................................ [ 93%]
...........................................                              [100%]
644 passed, 47 subtests passed in 111.92s (0:01:51)
  [0;32m[PASS][0m Python: tests/ (112s)
[1m--- Python: gateway/tests/ ---[0m
  cmd: sh -c PYTHONPATH=gateway\ python3\ -m\ pytest\ \ -q\ gateway/tests/
........................................................................ [ 75%]
.......................                         [100%]
95 passed, 25 subtests passed in 21.06s
  [0;32m[PASS][0m Python: gateway/tests/ (22s)

[1m=== 3. Tcl ===[0m
[1m--- Tcl: all.tcl ---[0m
  cmd: tclsh tests/all.tcl
Tests running in interp:  /usr/bin/tclsh
Tests located in:  /home/jmachado/projetos/dakota/replay2/tests
Tests running in:  /home/jmachado/projetos/dakota/replay2
Temporary files stored in /home/jmachado/projetos/dakota/replay2/tests/tmp
Test files sourced into current interpreter
Running tests that match:  *
Skipping test files that match:  l.*.test
Only running test files that match:  *.test.tcl
Tests began at Wed Jul 15 16:48:46 -03 2026
capture.test.tcl
---- capture_apply_boundaries_none_01 start
---- capture_apply_boundaries_clearscreen_01 start
---- capture_apply_boundaries_inverse_01 start
config.test.tcl
---- config_parse_defaults_01 start
---- config_parse_overrides_01 start
---- config_reject_invalid_geometry_01 start
---- config_env_override_encoding_01 start
---- config_find_tclsh_01 start
integration_legacy_sim.test.tcl
---- integration_legacy_sim_login_01 start
normalize.test.tcl
---- normalize_strip_ansi_01 start
---- normalize_boxes_01 start
---- normalize_whitespace_01 start
---- normalize_screen_pipeline_01 start
signature.test.tcl
---- signature_from_screen_login_01 start
---- signature_from_screen_menu_01 start

Tests ended at Wed Jul 15 16:48:47 -03 2026
all.tcl:	Total	15	Passed	15	Skipped	0	Failed	0
Sourced 5 Test Files.
  [0;32m[PASS][0m Tcl: all.tcl (1s)

[1m=== 4. Capture ===[0m
[1m--- Python: test_capture_realtime_counting ---[0m
  cmd: sh -c PYTHONPATH=gateway\ python3\ -m\ pytest\ \ -q\ tests/test_capture_realtime_counting.py
....                                                                     [100%]
4 passed in 0.04s
  [0;32m[PASS][0m Python: test_capture_realtime_counting (0s)
[1m--- Python: test_runtime_capture_session ---[0m
  cmd: sh -c PYTHONPATH=gateway\ python3\ -m\ pytest\ \ -q\ tests/test_runtime_capture_session_unit.py
......                                                                   [100%]
6 passed in 2.32s
  [0;32m[PASS][0m Python: test_runtime_capture_session (3s)

[1m=== 5. Replay ===[0m
[1m--- Python: test_capture8_replay_integration ---[0m
  cmd: sh -c PYTHONPATH=gateway\ python3\ -m\ pytest\ \ -q\ tests/test_capture8_replay_integration.py
........................                                                 [100%]
24 passed in 0.23s
  [0;32m[PASS][0m Python: test_capture8_replay_integration (1s)
[1m--- Python: test_gateway_status_unit (replay) ---[0m
  cmd: sh -c PYTHONPATH=gateway\ python3\ -m\ pytest\ \ -q\ tests/test_gateway_status_unit.py
....................                                                     [100%]
20 passed in 7.94s
  [0;32m[PASS][0m Python: test_gateway_status_unit (replay) (8s)

[1m=== Resultado Final ===[0m
Suítes passaram: [0;32m14[0m
Suítes falharam: [0;31m0[0m

[0;32m[1mTodos os testes passaram[0m
[acceptance] END name=scripts-test-all duration=150s exit_code=0 timeout=false
[acceptance] START name=packaging timeout=240s command=bash scripts/build-tarball.sh
Staging em: /tmp/tmp.BWRnfltloT/dakota-replay2-0.5.1
Gerando: /home/jmachado/projetos/dakota/replay2/dist/dakota-replay2-0.5.1-20260715-164859.tar.gz
OK: /home/jmachado/projetos/dakota/replay2/dist/dakota-replay2-0.5.1-20260715-164859.tar.gz
[acceptance] END name=packaging duration=1s exit_code=0 timeout=false
[acceptance] START name=tarball-inspection timeout=30s command=bash -c 
  set -euo pipefail
  tarball="$(ls -t dist/dakota-replay2-*.tar.gz | head -n 1)"
  test -n "$tarball"
  tar -tzf "$tarball" >/dev/null
  for required in \
    scripts/acceptance \
    tests/acceptance \
    tests/js/acceptance \
    artifacts/acceptance-matrix.json \
    artifacts/acceptance-test-baseline.sha256 \
    artifacts/final-acceptance-report.md \
    artifacts/final-acceptance-results.json \
    artifacts/manual-validation.json \
    artifacts/acceptance-log-summary.json
  do
    tar -tzf "$tarball" | rg "(^|/)${required}(/|$)" >/dev/null
  done
  ! tar -tzf "$tarball" | rg "(^|/)(node_modules|__pycache__|\\.pytest_cache|\\.git|\\.env|logs?|state/captures|chromium|\\.coverage|htmlcov)(/|$)|\\.(pyc|pyo|db|sqlite|sqlite3|pem|key|crt|pfx|ppk|tmp|swp|swo)$|id_rsa|id_ed25519|id_ecdsa|dakota-replay2-.*\\.tar\\.gz"

[acceptance] END name=tarball-inspection duration=0s exit_code=0 timeout=false
[acceptance] GATE PASSED
