[acceptance] START name=phase-01-comparison timeout=240s command=bash scripts/acceptance/run-phase-01-comparison.sh
[acceptance] START name=phase01-pytest timeout=240s command=python -m pytest -q tests/acceptance/test_comparison_operational.py tests/test_comparison_modes.py
...........................                                              [100%]
27 passed in 0.16s
[acceptance] END name=phase01-pytest duration=0s exit_code=0 timeout=false
[acceptance] START name=phase01-structural timeout=30s command=bash -c ! rg -n "if not has_canonical and mode == .visual.|mode = .hybrid.  # fallback automatico|got == expected_sig|signature_now\\(\\).*==|== expected_sig" gateway/dakota_gateway/replay.py gateway/dakota_gateway/replay_control.py
[acceptance] END name=phase01-structural duration=1s exit_code=0 timeout=false
[acceptance] GATE PASSED
[acceptance] END name=phase-01-comparison duration=1s exit_code=0 timeout=false
[acceptance] START name=phase-02-diffs timeout=240s command=bash scripts/acceptance/run-phase-02-diffs.sh
[acceptance] START name=phase02-pytest timeout=240s command=python -m pytest -q tests/acceptance/test_diff_protocol_adversarial.py tests/test_diff_validation.py
....................................                                     [100%]
36 passed in 0.58s
[acceptance] END name=phase02-pytest duration=1s exit_code=0 timeout=false
[acceptance] GATE PASSED
[acceptance] END name=phase-02-diffs duration=1s exit_code=0 timeout=false
[acceptance] START name=phase-03-sessions timeout=240s command=bash scripts/acceptance/run-phase-03-sessions.sh
[acceptance] START name=phase03-pytest timeout=240s command=python -m pytest -q tests/acceptance/test_strict_global_session_isolation.py tests/test_scanner_and_isolation.py
..........................                                               [100%]
26 passed in 0.24s
[acceptance] END name=phase03-pytest duration=1s exit_code=0 timeout=false
[acceptance] GATE PASSED
[acceptance] END name=phase-03-sessions duration=1s exit_code=0 timeout=false
[acceptance] START name=phase-04-snapshots-gateway timeout=240s command=bash scripts/acceptance/run-phase-04-snapshots-gateway.sh
[acceptance] START name=phase04-pytest timeout=240s command=python -m pytest -q tests/acceptance/test_snapshot_contracts.py tests/acceptance/test_gateway_persisted_out_event.py tests/acceptance/test_public_api_and_engine_decoder_contract.py
.....                                                                    [100%]
5 passed in 0.07s
[acceptance] END name=phase04-pytest duration=0s exit_code=0 timeout=false
[acceptance] GATE PASSED
[acceptance] END name=phase-04-snapshots-gateway duration=1s exit_code=0 timeout=false
[acceptance] START name=phase-05-payload-frontend timeout=240s command=bash scripts/acceptance/run-phase-05-payload-frontend.sh
[acceptance] START name=phase05-pytest timeout=240s command=python -m pytest -q tests/acceptance/test_payload_no_duplication.py
..                                                                       [100%]
2 passed in 0.06s
[acceptance] END name=phase05-pytest duration=0s exit_code=0 timeout=false
[acceptance] START name=phase05-node timeout=240s command=node --test tests/js/acceptance/terminal_payload_adversarial.test.mjs tests/js/acceptance/playback_event_references.test.mjs
TAP version 13
# Subtest: timeline and playback payloads use event_refs instead of duplicating full events
ok 1 - timeline and playback payloads use event_refs instead of duplicating full events
  ---
  duration_ms: 2.184642
  ...
# decodeSnapshotPayload: payload invalido
# decodeSnapshotPayload: payload invalido
# decodeSnapshotPayload: payload invalido
# decodeSnapshotPayload: payload invalido
# decodeSnapshotPayload: payload invalido
# decodeSnapshotPayload: payload invalido
# decodeSnapshotPayload: payload invalido
# Subtest: snapshot validation rejects hostile numeric shapes before allocation
ok 2 - snapshot validation rejects hostile numeric shapes before allocation
  ---
  duration_ms: 3.106568
  ...
# Subtest: diff validation rejects hostile sequence, resize and coordinate payloads
ok 3 - diff validation rejects hostile sequence, resize and coordinate payloads
  ---
  duration_ms: 0.86884
  ...
# Subtest: applyDiff refuses to copy declared signatures blindly
ok 4 - applyDiff refuses to copy declared signatures blindly
  ---
  duration_ms: 3.504101
  ...
1..4
# tests 4
# suites 0
# pass 4
# fail 0
# cancelled 0
# skipped 0
# todo 0
# duration_ms 94.689816
[acceptance] END name=phase05-node duration=0s exit_code=0 timeout=false
[acceptance] GATE PASSED
[acceptance] END name=phase-05-payload-frontend duration=0s exit_code=0 timeout=false
[acceptance] START name=phase-06-decoder-fixture timeout=240s command=bash scripts/acceptance/run-phase-06-decoder-fixture.sh
[acceptance] START name=phase06-pytest timeout=240s command=python -m pytest -q tests/acceptance/test_decoder_warning_contract.py tests/acceptance/test_raw_capture8_pipeline.py
..                                                                       [100%]
2 passed in 0.06s
[acceptance] END name=phase06-pytest duration=1s exit_code=0 timeout=false
[acceptance] GATE PASSED
[acceptance] END name=phase-06-decoder-fixture duration=1s exit_code=0 timeout=false
[acceptance] START name=phase-07-visual-runner timeout=240s command=bash scripts/acceptance/run-phase-07-visual-runner.sh
[acceptance] START name=phase07-pytest timeout=240s command=python -m pytest -q tests/acceptance/test_runner_contract.py tests/test_test_runner_script.py tests/test_terminal_snapshot_css_contract.py
..............                                                           [100%]
14 passed in 1.54s
[acceptance] END name=phase07-pytest duration=2s exit_code=0 timeout=false
[acceptance] START name=phase07-js timeout=240s command=node --test gateway/control/static/js/components/terminal_snapshot_renderer.test.mjs gateway/control/static/js/components/replay_snapshot_state.test.mjs
TAP version 13
# Subtest: factory creates ReplaySnapshotState
ok 1 - factory creates ReplaySnapshotState
  ---
  duration_ms: 2.639243
  ...
# Subtest: initial state is not initialized
ok 2 - initial state is not initialized
  ---
  duration_ms: 0.661656
  ...
# Subtest: loadInitialSnapshot succeeds with valid payload
ok 3 - loadInitialSnapshot succeeds with valid payload
  ---
  duration_ms: 0.640235
  ...
# Subtest: loadInitialSnapshot fails with null
ok 4 - loadInitialSnapshot fails with null
  ---
  duration_ms: 0.288664
  ...
# Subtest: loadInitialSnapshot fails with invalid payload
ok 5 - loadInitialSnapshot fails with invalid payload
  ---
  duration_ms: 0.410384
  ...
# Subtest: applyCheckpoint replaces state
ok 6 - applyCheckpoint replaces state
  ---
  duration_ms: 0.391385
  ...
# Subtest: applyCheckpoint fails with null
ok 7 - applyCheckpoint fails with null
  ---
  duration_ms: 0.205989
  ...
# Subtest: applyEventDiff applies cell change
ok 8 - applyEventDiff applies cell change
  ---
  duration_ms: 0.66092
  ...
# Subtest: applyEventDiff rejects null diff
ok 9 - applyEventDiff rejects null diff
  ---
  duration_ms: 0.334388
  ...
# Subtest: applyEventDiff rejects base_seq_global mismatch
ok 10 - applyEventDiff rejects base_seq_global mismatch
  ---
  duration_ms: 0.403685
  ...
# Subtest: applyEventDiff rejects base_text_sig mismatch
ok 11 - applyEventDiff rejects base_text_sig mismatch
  ---
  duration_ms: 0.250701
  ...
# Subtest: applyEventDiff only called once per event
ok 12 - applyEventDiff only called once per event
  ---
  duration_ms: 0.246121
  ...
# Subtest: checkpoint + diffs produces correct final state
ok 13 - checkpoint + diffs produces correct final state
  ---
  duration_ms: 0.220934
  ...
# Subtest: geometry change via checkpoint preserves cells
ok 14 - geometry change via checkpoint preserves cells
  ---
  duration_ms: 0.148753
  ...
# Subtest: renderHtml returns HTML string
ok 15 - renderHtml returns HTML string
  ---
  duration_ms: 0.198144
  ...
# Subtest: renderText returns text preserving geometry
ok 16 - renderText returns text preserving geometry
  ---
  duration_ms: 0.18556
  ...
# Subtest: clone produces independent copy
ok 17 - clone produces independent copy
  ---
  duration_ms: 0.15177
  ...
# Subtest: reset clears all state
ok 18 - reset clears all state
  ---
  duration_ms: 0.095358
  ...
# Subtest: textSig and visualSig reflect current state
ok 19 - textSig and visualSig reflect current state
  ---
  duration_ms: 0.096718
  ...
# decodeSnapshotPayload: payload invalido
# Subtest: validateSnapshotPayload accepts valid snapshot
ok 20 - validateSnapshotPayload accepts valid snapshot
  ---
  duration_ms: 85.461369
  ...
# Subtest: validateSnapshotPayload rejects null
ok 21 - validateSnapshotPayload rejects null
  ---
  duration_ms: 0.149091
  ...
# Subtest: validateSnapshotPayload rejects missing cells/runs
ok 22 - validateSnapshotPayload rejects missing cells/runs
  ---
  duration_ms: 0.150403
  ...
# Subtest: validateSnapshotPayload rejects huge geometry
ok 23 - validateSnapshotPayload rejects huge geometry
  ---
  duration_ms: 0.117924
  ...
# Subtest: validateSnapshotPayload rejects zero rows
ok 24 - validateSnapshotPayload rejects zero rows
  ---
  duration_ms: 0.266372
  ...
# Subtest: validateSnapshotPayload rejects negative cols
ok 25 - validateSnapshotPayload rejects negative cols
  ---
  duration_ms: 0.297376
  ...
# Subtest: validateSnapshotPayload rejects float rows
ok 26 - validateSnapshotPayload rejects float rows
  ---
  duration_ms: 0.479987
  ...
# Subtest: decodeSnapshotPayload handles compact format
ok 27 - decodeSnapshotPayload handles compact format
  ---
  duration_ms: 0.620215
  ...
# Subtest: decodeSnapshotPayload handles cells directly
ok 28 - decodeSnapshotPayload handles cells directly
  ---
  duration_ms: 1.371255
  ...
# Subtest: decodeSnapshotPayload rejects huge geometry
ok 29 - decodeSnapshotPayload rejects huge geometry
  ---
  duration_ms: 1.27284
  ...
# Subtest: applyDiff applies cell changes
ok 30 - applyDiff applies cell changes
  ---
  duration_ms: 1.615395
  ...
# Subtest: applyDiff recalculates signatures instead of copying declared values
ok 31 - applyDiff recalculates signatures instead of copying declared values
  ---
  duration_ms: 4.534692
  ...
# Subtest: applyDiff handles geometry change
ok 32 - applyDiff handles geometry change
  ---
  duration_ms: 1.290011
  ...
# Subtest: cloneSnapshot deep copies cells
ok 33 - cloneSnapshot deep copies cells
  ---
  duration_ms: 0.581374
  ...
# Subtest: renderSnapshotToHtml produces spans with classes
ok 34 - renderSnapshotToHtml produces spans with classes
  ---
  duration_ms: 1.399802
  ...
# Subtest: renderSnapshotToHtml groups consecutive same-attrs cells
ok 35 - renderSnapshotToHtml groups consecutive same-attrs cells
  ---
  duration_ms: 0.840007
  ...
# Subtest: renderSnapshotToText preserves geometry
ok 36 - renderSnapshotToText preserves geometry
  ---
  duration_ms: 0.867453
  ...
# Subtest: renderSnapshotToHtml handles empty snapshot
ok 37 - renderSnapshotToHtml handles empty snapshot
  ---
  duration_ms: 0.107662
  ...
# Subtest: validateDiffPayload accepts valid diff
ok 38 - validateDiffPayload accepts valid diff
  ---
  duration_ms: 0.173483
  ...
# Subtest: validateDiffPayload rejects invalid
ok 39 - validateDiffPayload rejects invalid
  ---
  duration_ms: 0.163747
  ...
# Subtest: Unicode outside BMP not split into surrogate pairs
ok 40 - Unicode outside BMP not split into surrogate pairs
  ---
  duration_ms: 0.228303
  ...
1..40
# tests 40
# suites 0
# pass 40
# fail 0
# cancelled 0
# skipped 0
# todo 0
# duration_ms 202.623229
[acceptance] END name=phase07-js duration=1s exit_code=0 timeout=false
[acceptance] GATE PASSED
[acceptance] END name=phase-07-visual-runner duration=3s exit_code=0 timeout=false
[acceptance] START name=acceptance-hash-check timeout=30s command=sha256sum -c artifacts/acceptance-test-baseline.sha256
tests/acceptance/test_comparison_operational.py: OK
tests/acceptance/test_decoder_warning_contract.py: OK
tests/acceptance/test_diff_protocol_adversarial.py: OK
tests/acceptance/test_gateway_persisted_out_event.py: OK
tests/acceptance/test_payload_no_duplication.py: OK
tests/acceptance/test_public_api_and_engine_decoder_contract.py: OK
tests/acceptance/test_raw_capture8_pipeline.py: OK
tests/acceptance/test_runner_contract.py: OK
tests/acceptance/test_snapshot_contracts.py: OK
tests/acceptance/test_strict_global_session_isolation.py: OK
tests/js/acceptance/playback_event_references.test.mjs: OK
tests/js/acceptance/terminal_payload_adversarial.test.mjs: OK
[acceptance] END name=acceptance-hash-check duration=0s exit_code=0 timeout=false
[acceptance] START name=python-acceptance timeout=240s command=python -m pytest -q tests/acceptance
..........................................                               [100%]
42 passed in 0.11s
[acceptance] END name=python-acceptance duration=1s exit_code=0 timeout=false
[acceptance] START name=js-acceptance timeout=240s command=node --test tests/js/acceptance/playback_event_references.test.mjs tests/js/acceptance/terminal_payload_adversarial.test.mjs
TAP version 13
# Subtest: timeline and playback payloads use event_refs instead of duplicating full events
ok 1 - timeline and playback payloads use event_refs instead of duplicating full events
  ---
  duration_ms: 1.21607
  ...
# decodeSnapshotPayload: payload invalido
# decodeSnapshotPayload: payload invalido
# decodeSnapshotPayload: payload invalido
# decodeSnapshotPayload: payload invalido
# decodeSnapshotPayload: payload invalido
# decodeSnapshotPayload: payload invalido
# decodeSnapshotPayload: payload invalido
# Subtest: snapshot validation rejects hostile numeric shapes before allocation
ok 2 - snapshot validation rejects hostile numeric shapes before allocation
  ---
  duration_ms: 1.952239
  ...
# Subtest: diff validation rejects hostile sequence, resize and coordinate payloads
ok 3 - diff validation rejects hostile sequence, resize and coordinate payloads
  ---
  duration_ms: 0.786859
  ...
# Subtest: applyDiff refuses to copy declared signatures blindly
ok 4 - applyDiff refuses to copy declared signatures blindly
  ---
  duration_ms: 4.275764
  ...
1..4
# tests 4
# suites 0
# pass 4
# fail 0
# cancelled 0
# skipped 0
# todo 0
# duration_ms 90.159796
[acceptance] END name=js-acceptance duration=0s exit_code=0 timeout=false
[acceptance] START name=scripts-test-all timeout=700s command=bash scripts/test-all.sh

[1m=== Replay2 — Suite de Testes ===[0m
Modo: completo
Host remoto: 10.5.8.24:8080

[1m=== 1. JavaScript ===[0m
[1m--- JS: virtual_terminal ---[0m
  cmd: node --test gateway/control/static/js/virtual_terminal.test.mjs
TAP version 13
# Subtest: TEST 1 — reverse video does not create markers
ok 1 - TEST 1 — reverse video does not create markers
  ---
  duration_ms: 4.033418
  ...
# Subtest: TEST 2 — reverse spaces preserved
ok 2 - TEST 2 — reverse spaces preserved
  ---
  duration_ms: 1.325982
  ...
# Subtest: TEST 3 — empty lines preserved
ok 3 - TEST 3 — empty lines preserved
  ---
  duration_ms: 2.462345
  ...
# Subtest: TEST 4 — ESC isolated between chunks
ok 4 - TEST 4 — ESC isolated between chunks
  ---
  duration_ms: 2.144511
  ...
# Subtest: TEST 5 — CSI split in multiple points
ok 5 - TEST 5 — CSI split in multiple points
  ---
  duration_ms: 0.812895
  ...
# Subtest: TEST 6 — DEC charset split
ok 6 - TEST 6 — DEC charset split
  ---
  duration_ms: 0.756764
  ...
# Subtest: TEST 7 — CSI 2J does not move cursor
ok 7 - TEST 7 — CSI 2J does not move cursor
  ---
  duration_ms: 0.638439
  ...
# Subtest: TEST 8 — CSI 0J, 1J and 2J
ok 8 - TEST 8 — CSI 0J, 1J and 2J
  ---
  duration_ms: 0.477754
  ...
# Subtest: TEST 9 — CSI 0K, 1K and 2K
ok 9 - TEST 9 — CSI 0K, 1K and 2K
  ---
  duration_ms: 0.716816
  ...
# Subtest: TEST 10 — scroll synchronized
ok 10 - TEST 10 — scroll synchronized
  ---
  duration_ms: 0.731754
  ...
# Subtest: TEST 11 — fixed dimensions
ok 11 - TEST 11 — fixed dimensions
  ---
  duration_ms: 0.930743
  ...
# Subtest: TEST 12 — timing
ok 12 - TEST 12 — timing
  ---
  duration_ms: 0.315181
  ...
# Subtest: TEST 13 — grouping without duplication
ok 13 - TEST 13 — grouping without duplication
  ---
  duration_ms: 0.963256
  ...
# Subtest: TEST 14 — one-byte events not discarded
ok 14 - TEST 14 — one-byte events not discarded
  ---
  duration_ms: 0.337899
  ...
# Subtest: TEST 15 — snapshot not re-fed
ok 15 - TEST 15 — snapshot not re-fed
  ---
  duration_ms: 0.116868
  ...
# Subtest: TEST 16 — same flow with different chunking
ok 16 - TEST 16 — same flow with different chunking
  ---
  duration_ms: 4.613076
  ...
# Subtest: TEST 17 — wrapPending + LF no double advance
ok 17 - TEST 17 — wrapPending + LF no double advance
  ---
  duration_ms: 0.444839
  ...
# Subtest: TEST 18 — RIS full terminal reset
ok 18 - TEST 18 — RIS full terminal reset
  ---
  duration_ms: 1.415511
  ...
# Subtest: TEST 19 — IND index down
ok 19 - TEST 19 — IND index down
  ---
  duration_ms: 0.243593
  ...
# Subtest: TEST 20 — NEL next line column zero
ok 20 - TEST 20 — NEL next line column zero
  ---
  duration_ms: 0.13415
  ...
# Subtest: TEST 21 — SGR 2 means dim not bold-off
ok 21 - TEST 21 — SGR 2 means dim not bold-off
  ---
  duration_ms: 0.261234
  ...
# Subtest: TEST 22 — SGR 22 resets bold and dim
ok 22 - TEST 22 — SGR 22 resets bold and dim
  ---
  duration_ms: 0.321875
  ...
# Subtest: TEST 23 — feedBase64 handles UTF-8 split across two events
ok 23 - TEST 23 — feedBase64 handles UTF-8 split across two events
  ---
  duration_ms: 0.376783
  ...
# Subtest: TEST 24 — feedBase64 handles 3-byte UTF-8 split
ok 24 - TEST 24 — feedBase64 handles 3-byte UTF-8 split
  ---
  duration_ms: 0.211152
  ...
# Subtest: TEST 25 — feedBase64 handles 4-byte UTF-8 as one code point
ok 25 - TEST 25 — feedBase64 handles 4-byte UTF-8 as one code point
  ---
  duration_ms: 0.282264
  ...
# Subtest: TEST 26 — feedBase64 with CP850 encoding
ok 26 - TEST 26 — feedBase64 with CP850 encoding
  ---
  duration_ms: 0.503263
  ...
# Subtest: TEST 27 — feedBase64 with CP437 encoding
ok 27 - TEST 27 — feedBase64 with CP437 encoding
  ---
  duration_ms: 0.486597
  ...
# Subtest: TEST 28 — feedBase64 with ISO-8859-1 encoding
ok 28 - TEST 28 — feedBase64 with ISO-8859-1 encoding
  ---
  duration_ms: 0.230942
  ...
# Subtest: TEST 29 — renderSnapshot preserves cell attributes (reverse, fg, bg)
ok 29 - TEST 29 — renderSnapshot preserves cell attributes (reverse, fg, bg)
  ---
  duration_ms: 6.477434
  ...
# Subtest: TEST 30 — renderSnapshotHtml produces spans with color classes
ok 30 - TEST 30 — renderSnapshotHtml produces spans with color classes
  ---
  duration_ms: 7.279062
  ...
# Subtest: TEST 31 — TAB at column 0 goes to column 8
ok 31 - TEST 31 — TAB at column 0 goes to column 8
  ---
  duration_ms: 0.502699
  ...
# Subtest: TEST 32 — TAB at column 7 goes to column 8
ok 32 - TEST 32 — TAB at column 7 goes to column 8
  ---
  duration_ms: 0.429641
  ...
# Subtest: TEST 33 — TAB near last column stays within bounds
ok 33 - TEST 33 — TAB near last column stays within bounds
  ---
  duration_ms: 0.186676
  ...
# Subtest: TEST 34 — text_sig differs for different geometries
ok 34 - TEST 34 — text_sig differs for different geometries
  ---
  duration_ms: 0.538261
  ...
# Subtest: TEST 35 — visual_sig differs: A normal vs A reverse
ok 35 - TEST 35 — visual_sig differs: A normal vs A reverse
  ---
  duration_ms: 0.200195
  ...
# Subtest: TEST 35b — browser sandbox signatures do not require node:crypto
ok 36 - TEST 35b — browser sandbox signatures do not require node:crypto
  ---
  duration_ms: 5.874792
  ...
# Subtest: TEST 36 — SGR 28 resets hidden
ok 37 - TEST 36 — SGR 28 resets hidden
  ---
  duration_ms: 0.436037
  ...
# Subtest: TEST 37 — SGR 25 resets blink
ok 38 - TEST 37 — SGR 25 resets blink
  ---
  duration_ms: 0.354114
  ...
# Subtest: TEST 38 — createVirtualTerminal rejects invalid geometry before allocation
ok 39 - TEST 38 — createVirtualTerminal rejects invalid geometry before allocation
  ---
  duration_ms: 21.629933
  ...
# Subtest: TEST 39 — CR then LF: CR returns to col 0, LF advances row
ok 40 - TEST 39 — CR then LF: CR returns to col 0, LF advances row
  ---
  duration_ms: 0.183393
  ...
# Subtest: TEST 40 — LF in middle column: advances row, preserves column
ok 41 - TEST 40 — LF in middle column: advances row, preserves column
  ---
  duration_ms: 0.157155
  ...
# Subtest: TEST 41 — RIS clears all SGR flags and decoder state
ok 42 - TEST 41 — RIS clears all SGR flags and decoder state
  ---
  duration_ms: 0.715371
  ...
1..42
# tests 42
# suites 0
# pass 42
# fail 0
# cancelled 0
# skipped 0
# todo 0
# duration_ms 202.575091
  [0;32m[PASS][0m JS: virtual_terminal (0s)
[1m--- JS: capture_replay_timeline ---[0m
  cmd: node --test gateway/control/static/js/components/capture_replay_timeline.test.mjs
TAP version 13
# Subtest: groups OUT events by proximity
ok 1 - groups OUT events by proximity
  ---
  duration_ms: 1.873889
  ...
# Subtest: IN events create boundaries between groups
ok 2 - IN events create boundaries between groups
  ---
  duration_ms: 0.211409
  ...
# Subtest: empty events array returns empty
ok 3 - empty events array returns empty
  ---
  duration_ms: 0.186753
  ...
# Subtest: snapshot preserves geometry
ok 4 - snapshot preserves geometry
  ---
  duration_ms: 2.354004
  ...
# Subtest: clear-screen produces empty snapshot (not discarded)
ok 5 - clear-screen produces empty snapshot (not discarded)
  ---
  duration_ms: 9.892185
  ...
# Subtest: snapshot includes text_sig and visual_sig
ok 6 - snapshot includes text_sig and visual_sig
  ---
  duration_ms: 3.591569
  ...
# Subtest: text_sig stable for same text, visual_sig changes with attributes
ok 7 - text_sig stable for same text, visual_sig changes with attributes
  ---
  duration_ms: 3.012806
  ...
# Subtest: snapshot includes canonical cell data (snapshot field)
ok 8 - snapshot includes canonical cell data (snapshot field)
  ---
  duration_ms: 0.666932
  ...
# Subtest: snapshot_html is present for terminal_snapshot
ok 9 - snapshot_html is present for terminal_snapshot
  ---
  duration_ms: 2.289508
  ...
# Subtest: diff applies correctly between snapshots
ok 10 - diff applies correctly between snapshots
  ---
  duration_ms: 1.045167
  ...
# Subtest: encoding UTF-8 split via snapshot works
ok 11 - encoding UTF-8 split via snapshot works
  ---
  duration_ms: 0.787048
  ...
# Subtest: encoding CP850 via snapshot works
ok 12 - encoding CP850 via snapshot works
  ---
  duration_ms: 0.514142
  ...
# Subtest: grouped snapshot preserves chunks via snapshot
ok 13 - grouped snapshot preserves chunks via snapshot
  ---
  duration_ms: 6.306397
  ...
# Subtest: grouped three events via snapshot works
ok 14 - grouped three events via snapshot works
  ---
  duration_ms: 9.331605
  ...
# Subtest: detailed display decodes UTF-8 and falls back unknown encoding to UTF-8
ok 15 - detailed display decodes UTF-8 and falls back unknown encoding to UTF-8
  ---
  duration_ms: 0.572521
  ...
# Subtest: detailed display decodes CP850 and CP437 without browser TextDecoder support
ok 16 - detailed display decodes CP850 and CP437 without browser TextDecoder support
  ---
  duration_ms: 0.447957
  ...
# Subtest: detailed display sanitizes ANSI after decoding
ok 17 - detailed display sanitizes ANSI after decoding
  ---
  duration_ms: 0.307677
  ...
1..17
# tests 17
# suites 0
# pass 17
# fail 0
# cancelled 0
# skipped 0
# todo 0
# duration_ms 150.056979
  [0;32m[PASS][0m JS: capture_replay_timeline (1s)
[1m--- JS: terminal_snapshot_renderer ---[0m
  cmd: node --test gateway/control/static/js/components/terminal_snapshot_renderer.test.mjs
TAP version 13
# decodeSnapshotPayload: payload invalido
# Subtest: validateSnapshotPayload accepts valid snapshot
ok 1 - validateSnapshotPayload accepts valid snapshot
  ---
  duration_ms: 77.390796
  ...
# Subtest: validateSnapshotPayload rejects null
ok 2 - validateSnapshotPayload rejects null
  ---
  duration_ms: 0.185832
  ...
# Subtest: validateSnapshotPayload rejects missing cells/runs
ok 3 - validateSnapshotPayload rejects missing cells/runs
  ---
  duration_ms: 0.140931
  ...
# Subtest: validateSnapshotPayload rejects huge geometry
ok 4 - validateSnapshotPayload rejects huge geometry
  ---
  duration_ms: 0.154756
  ...
# Subtest: validateSnapshotPayload rejects zero rows
ok 5 - validateSnapshotPayload rejects zero rows
  ---
  duration_ms: 0.227594
  ...
# Subtest: validateSnapshotPayload rejects negative cols
ok 6 - validateSnapshotPayload rejects negative cols
  ---
  duration_ms: 0.122394
  ...
# Subtest: validateSnapshotPayload rejects float rows
ok 7 - validateSnapshotPayload rejects float rows
  ---
  duration_ms: 0.213081
  ...
# Subtest: decodeSnapshotPayload handles compact format
ok 8 - decodeSnapshotPayload handles compact format
  ---
  duration_ms: 0.427622
  ...
# Subtest: decodeSnapshotPayload handles cells directly
ok 9 - decodeSnapshotPayload handles cells directly
  ---
  duration_ms: 1.301636
  ...
# Subtest: decodeSnapshotPayload rejects huge geometry
ok 10 - decodeSnapshotPayload rejects huge geometry
  ---
  duration_ms: 1.476257
  ...
# Subtest: applyDiff applies cell changes
ok 11 - applyDiff applies cell changes
  ---
  duration_ms: 1.385834
  ...
# Subtest: applyDiff recalculates signatures instead of copying declared values
ok 12 - applyDiff recalculates signatures instead of copying declared values
  ---
  duration_ms: 2.624499
  ...
# Subtest: applyDiff handles geometry change
ok 13 - applyDiff handles geometry change
  ---
  duration_ms: 0.781308
  ...
# Subtest: cloneSnapshot deep copies cells
ok 14 - cloneSnapshot deep copies cells
  ---
  duration_ms: 0.475114
  ...
# Subtest: renderSnapshotToHtml produces spans with classes
ok 15 - renderSnapshotToHtml produces spans with classes
  ---
  duration_ms: 1.023378
  ...
# Subtest: renderSnapshotToHtml groups consecutive same-attrs cells
ok 16 - renderSnapshotToHtml groups consecutive same-attrs cells
  ---
  duration_ms: 0.6646
  ...
# Subtest: renderSnapshotToText preserves geometry
ok 17 - renderSnapshotToText preserves geometry
  ---
  duration_ms: 1.211084
  ...
# Subtest: renderSnapshotToHtml handles empty snapshot
ok 18 - renderSnapshotToHtml handles empty snapshot
  ---
  duration_ms: 0.151239
  ...
# Subtest: validateDiffPayload accepts valid diff
ok 19 - validateDiffPayload accepts valid diff
  ---
  duration_ms: 0.234634
  ...
# Subtest: validateDiffPayload rejects invalid
ok 20 - validateDiffPayload rejects invalid
  ---
  duration_ms: 0.107627
  ...
# Subtest: Unicode outside BMP not split into surrogate pairs
ok 21 - Unicode outside BMP not split into surrogate pairs
  ---
  duration_ms: 0.143717
  ...
1..21
# tests 21
# suites 0
# pass 21
# fail 0
# cancelled 0
# skipped 0
# todo 0
# duration_ms 179.590147
  [0;32m[PASS][0m JS: terminal_snapshot_renderer (0s)
[1m--- JS: replay_snapshot_state ---[0m
  cmd: node --test gateway/control/static/js/components/replay_snapshot_state.test.mjs
TAP version 13
# Subtest: factory creates ReplaySnapshotState
ok 1 - factory creates ReplaySnapshotState
  ---
  duration_ms: 2.345707
  ...
# Subtest: initial state is not initialized
ok 2 - initial state is not initialized
  ---
  duration_ms: 0.552183
  ...
# Subtest: loadInitialSnapshot succeeds with valid payload
ok 3 - loadInitialSnapshot succeeds with valid payload
  ---
  duration_ms: 0.650608
  ...
# Subtest: loadInitialSnapshot fails with null
ok 4 - loadInitialSnapshot fails with null
  ---
  duration_ms: 0.474918
  ...
# Subtest: loadInitialSnapshot fails with invalid payload
ok 5 - loadInitialSnapshot fails with invalid payload
  ---
  duration_ms: 0.756169
  ...
# Subtest: applyCheckpoint replaces state
ok 6 - applyCheckpoint replaces state
  ---
  duration_ms: 0.65063
  ...
# Subtest: applyCheckpoint fails with null
ok 7 - applyCheckpoint fails with null
  ---
  duration_ms: 0.433673
  ...
# Subtest: applyEventDiff applies cell change
ok 8 - applyEventDiff applies cell change
  ---
  duration_ms: 1.161275
  ...
# Subtest: applyEventDiff rejects null diff
ok 9 - applyEventDiff rejects null diff
  ---
  duration_ms: 0.639553
  ...
# Subtest: applyEventDiff rejects base_seq_global mismatch
ok 10 - applyEventDiff rejects base_seq_global mismatch
  ---
  duration_ms: 0.643307
  ...
# Subtest: applyEventDiff rejects base_text_sig mismatch
ok 11 - applyEventDiff rejects base_text_sig mismatch
  ---
  duration_ms: 0.318624
  ...
# Subtest: applyEventDiff only called once per event
ok 12 - applyEventDiff only called once per event
  ---
  duration_ms: 0.177337
  ...
# Subtest: checkpoint + diffs produces correct final state
ok 13 - checkpoint + diffs produces correct final state
  ---
  duration_ms: 0.156228
  ...
# Subtest: geometry change via checkpoint preserves cells
ok 14 - geometry change via checkpoint preserves cells
  ---
  duration_ms: 0.122489
  ...
# Subtest: renderHtml returns HTML string
ok 15 - renderHtml returns HTML string
  ---
  duration_ms: 0.293602
  ...
# Subtest: renderText returns text preserving geometry
ok 16 - renderText returns text preserving geometry
  ---
  duration_ms: 0.170126
  ...
# Subtest: clone produces independent copy
ok 17 - clone produces independent copy
  ---
  duration_ms: 0.131729
  ...
# Subtest: reset clears all state
ok 18 - reset clears all state
  ---
  duration_ms: 0.094391
  ...
# Subtest: textSig and visualSig reflect current state
ok 19 - textSig and visualSig reflect current state
  ---
  duration_ms: 0.096829
  ...
1..19
# tests 19
# suites 0
# pass 19
# fail 0
# cancelled 0
# skipped 0
# todo 0
# duration_ms 100.401212
  [0;32m[PASS][0m JS: replay_snapshot_state (0s)
[1m--- JS: checkpoint_seek ---[0m
  cmd: node --test gateway/control/static/js/components/checkpoint_seek.test.mjs
TAP version 13
# Subtest: findBestCheckpoint returns null for empty list
ok 1 - findBestCheckpoint returns null for empty list
  ---
  duration_ms: 1.192632
  ...
# Subtest: findBestCheckpoint returns only checkpoint <= target
ok 2 - findBestCheckpoint returns only checkpoint <= target
  ---
  duration_ms: 0.32778
  ...
# Subtest: findBestCheckpoint returns exact match
ok 3 - findBestCheckpoint returns exact match
  ---
  duration_ms: 0.12966
  ...
# Subtest: findBestCheckpoint returns last if target beyond all
ok 4 - findBestCheckpoint returns last if target beyond all
  ---
  duration_ms: 0.137877
  ...
# Subtest: findBestCheckpoint returns first if target before second
ok 5 - findBestCheckpoint returns first if target before second
  ---
  duration_ms: 1.474166
  ...
# Subtest: seek from checkpoint + apply diffs reaches target
ok 6 - seek from checkpoint + apply diffs reaches target
  ---
  duration_ms: 0.809984
  ...
# Subtest: seek with multiple checkpoints uses closest
ok 7 - seek with multiple checkpoints uses closest
  ---
  duration_ms: 0.23528
  ...
# Subtest: seek does not apply event beyond target
ok 8 - seek does not apply event beyond target
  ---
  duration_ms: 0.455635
  ...
# Subtest: seek to non-existent seq returns null checkpoint
ok 9 - seek to non-existent seq returns null checkpoint
  ---
  duration_ms: 0.697488
  ...
1..9
# tests 9
# suites 0
# pass 9
# fail 0
# cancelled 0
# skipped 0
# todo 0
# duration_ms 81.303759
  [0;32m[PASS][0m JS: checkpoint_seek (0s)
[1m--- JS: template_syntax ---[0m
  cmd: node --test gateway/control/static/js/components/template_syntax.test.mjs
TAP version 13
# Subtest: capture_session_replay.html has valid JavaScript syntax
ok 1 - capture_session_replay.html has valid JavaScript syntax
  ---
  duration_ms: 63.601101
  ...
# Subtest: all HTML templates in gateway have valid JavaScript
ok 2 - all HTML templates in gateway have valid JavaScript
  ---
  duration_ms: 245.114829
  ...
1..2
# tests 2
# suites 0
# pass 2
# fail 0
# cancelled 0
# skipped 0
# todo 0
# duration_ms 375.881638
  [0;32m[PASS][0m JS: template_syntax (1s)
[1m--- JS: production_no_terminal_parser ---[0m
  cmd: node --test gateway/control/static/js/components/production_no_terminal_parser.test.mjs
TAP version 13
# Subtest: production files do not reference virtual_terminal.cjs
ok 1 - production files do not reference virtual_terminal.cjs
  ---
  duration_ms: 7.169849
  ...
# Subtest: production files do not reference window.DakVT
ok 2 - production files do not reference window.DakVT
  ---
  duration_ms: 1.91022
  ...
# Subtest: virtual_terminal.cjs does not exist in production static/js
ok 3 - virtual_terminal.cjs does not exist in production static/js
  ---
  duration_ms: 0.183199
  ...
# Subtest: virtual_terminal.cjs exists only in tests/oracles
ok 4 - virtual_terminal.cjs exists only in tests/oracles
  ---
  duration_ms: 0.152609
  ...
1..4
# tests 4
# suites 0
# pass 4
# fail 0
# cancelled 0
# skipped 0
# todo 0
# duration_ms 83.537476
  [0;32m[PASS][0m JS: production_no_terminal_parser (0s)

[1m=== 2. Python ===[0m
[1m--- Python: tests/ ---[0m
  cmd: sh -c PYTHONPATH=gateway\ python3\ -m\ pytest\ \ -q\ tests/
........................................................................ [ 11%]
........................................................................ [ 22%]
.................................. [ 27%]
................................................................. [ 37%]
........................................................................ [ 48%]
........................................................................ [ 60%]
...................................................................... [ 70%]
........................................................................ [ 82%]
........................................................................ [ 93%]
...........................................                              [100%]
644 passed, 47 subtests passed in 110.18s (0:01:50)
  [0;32m[PASS][0m Python: tests/ (111s)
[1m--- Python: gateway/tests/ ---[0m
  cmd: sh -c PYTHONPATH=gateway\ python3\ -m\ pytest\ \ -q\ gateway/tests/
........................................................................ [ 75%]
.......................                         [100%]
95 passed, 25 subtests passed in 21.23s
  [0;32m[PASS][0m Python: gateway/tests/ (22s)

[1m=== 3. Tcl ===[0m
[1m--- Tcl: all.tcl ---[0m
  cmd: tclsh tests/all.tcl
Tests running in interp:  /usr/bin/tclsh
Tests located in:  /tmp/dakota-replay2-final-validate/dakota-replay2-0.5.1/tests
Tests running in:  /tmp/dakota-replay2-final-validate/dakota-replay2-0.5.1
Temporary files stored in /tmp/dakota-replay2-final-validate/dakota-replay2-0.5.1/tests/tmp
Test files sourced into current interpreter
Running tests that match:  *
Skipping test files that match:  l.*.test
Only running test files that match:  *.test.tcl
Tests began at Wed Jul 15 16:51:39 -03 2026
capture.test.tcl
---- capture_apply_boundaries_none_01 start
---- capture_apply_boundaries_clearscreen_01 start
---- capture_apply_boundaries_inverse_01 start
config.test.tcl
---- config_parse_defaults_01 start
---- config_parse_overrides_01 start
---- config_reject_invalid_geometry_01 start
---- config_env_override_encoding_01 start
---- config_find_tclsh_01 start
integration_legacy_sim.test.tcl
---- integration_legacy_sim_login_01 start
normalize.test.tcl
---- normalize_strip_ansi_01 start
---- normalize_boxes_01 start
---- normalize_whitespace_01 start
---- normalize_screen_pipeline_01 start
signature.test.tcl
---- signature_from_screen_login_01 start
---- signature_from_screen_menu_01 start

Tests ended at Wed Jul 15 16:51:40 -03 2026
all.tcl:	Total	15	Passed	15	Skipped	0	Failed	0
Sourced 5 Test Files.
  [0;32m[PASS][0m Tcl: all.tcl (1s)

[1m=== 4. Capture ===[0m
[1m--- Python: test_capture_realtime_counting ---[0m
  cmd: sh -c PYTHONPATH=gateway\ python3\ -m\ pytest\ \ -q\ tests/test_capture_realtime_counting.py
....                                                                     [100%]
4 passed in 0.04s
  [0;32m[PASS][0m Python: test_capture_realtime_counting (0s)
[1m--- Python: test_runtime_capture_session ---[0m
  cmd: sh -c PYTHONPATH=gateway\ python3\ -m\ pytest\ \ -q\ tests/test_runtime_capture_session_unit.py
......                                                                   [100%]
6 passed in 2.30s
  [0;32m[PASS][0m Python: test_runtime_capture_session (3s)

[1m=== 5. Replay ===[0m
[1m--- Python: test_capture8_replay_integration ---[0m
  cmd: sh -c PYTHONPATH=gateway\ python3\ -m\ pytest\ \ -q\ tests/test_capture8_replay_integration.py
........................                                                 [100%]
24 passed in 0.21s
  [0;32m[PASS][0m Python: test_capture8_replay_integration (1s)
[1m--- Python: test_gateway_status_unit (replay) ---[0m
  cmd: sh -c PYTHONPATH=gateway\ python3\ -m\ pytest\ \ -q\ tests/test_gateway_status_unit.py
....................                                                     [100%]
20 passed in 11.82s
  [0;32m[PASS][0m Python: test_gateway_status_unit (replay) (12s)

[1m=== Resultado Final ===[0m
Suítes passaram: [0;32m14[0m
Suítes falharam: [0;31m0[0m

[0;32m[1mTodos os testes passaram[0m
[acceptance] END name=scripts-test-all duration=152s exit_code=0 timeout=false
[acceptance] START name=packaging timeout=240s command=bash scripts/build-tarball.sh
Staging em: /tmp/tmp.69jrsMOswM/dakota-replay2-0.5.1
Gerando: /tmp/dakota-replay2-final-validate/dakota-replay2-0.5.1/dist/dakota-replay2-0.5.1-20260715-165156.tar.gz
OK: /tmp/dakota-replay2-final-validate/dakota-replay2-0.5.1/dist/dakota-replay2-0.5.1-20260715-165156.tar.gz
[acceptance] END name=packaging duration=0s exit_code=0 timeout=false
[acceptance] START name=tarball-inspection timeout=30s command=bash -c 
  set -euo pipefail
  tarball="$(ls -t dist/dakota-replay2-*.tar.gz | head -n 1)"
  test -n "$tarball"
  tar -tzf "$tarball" >/dev/null
  for required in \
    scripts/acceptance \
    tests/acceptance \
    tests/js/acceptance \
    artifacts/acceptance-matrix.json \
    artifacts/acceptance-test-baseline.sha256 \
    artifacts/final-acceptance-report.md \
    artifacts/final-acceptance-results.json \
    artifacts/manual-validation.json \
    artifacts/acceptance-log-summary.json
  do
    tar -tzf "$tarball" | rg "(^|/)${required}(/|$)" >/dev/null
  done
  ! tar -tzf "$tarball" | rg "(^|/)(node_modules|__pycache__|\\.pytest_cache|\\.git|\\.env|logs?|state/captures|chromium|\\.coverage|htmlcov)(/|$)|\\.(pyc|pyo|db|sqlite|sqlite3|pem|key|crt|pfx|ppk|tmp|swp|swo)$|id_rsa|id_ed25519|id_ecdsa|dakota-replay2-.*\\.tar\\.gz"

[acceptance] END name=tarball-inspection duration=1s exit_code=0 timeout=false
[acceptance] GATE PASSED
