[acceptance] START name=phase05-pytest timeout=120s command=python -m pytest -q tests/acceptance/test_payload_no_duplication.py
.                                                                        [100%]
1 passed in 0.05s
[acceptance] END name=phase05-pytest duration=1s exit_code=0 timeout=false
[acceptance] START name=phase05-node timeout=120s command=node --test tests/js/acceptance/terminal_payload_adversarial.test.mjs tests/js/acceptance/playback_event_references.test.mjs
TAP version 13
# Subtest: timeline and playback payloads use event_refs instead of duplicating full events
ok 1 - timeline and playback payloads use event_refs instead of duplicating full events
  ---
  duration_ms: 1.58711
  ...
# decodeSnapshotPayload: payload invalido
# decodeSnapshotPayload: payload invalido
# decodeSnapshotPayload: payload invalido
# decodeSnapshotPayload: payload invalido
# decodeSnapshotPayload: payload invalido
# decodeSnapshotPayload: payload invalido
# decodeSnapshotPayload: payload invalido
# Subtest: snapshot validation rejects hostile numeric shapes before allocation
ok 2 - snapshot validation rejects hostile numeric shapes before allocation
  ---
  duration_ms: 2.639893
  ...
# Subtest: diff validation rejects hostile sequence, resize and coordinate payloads
ok 3 - diff validation rejects hostile sequence, resize and coordinate payloads
  ---
  duration_ms: 0.717816
  ...
# Subtest: applyDiff refuses to copy declared signatures blindly
ok 4 - applyDiff refuses to copy declared signatures blindly
  ---
  duration_ms: 1.725563
  ...
1..4
# tests 4
# suites 0
# pass 4
# fail 0
# cancelled 0
# skipped 0
# todo 0
# duration_ms 77.408451
[acceptance] END name=phase05-node duration=0s exit_code=0 timeout=false
[acceptance] GATE PASSED
exit_code=0
