[acceptance] START name=phase07-pytest timeout=120s command=python -m pytest -q tests/acceptance/test_runner_contract.py tests/test_test_runner_script.py
......                                                                   [100%]
6 passed in 0.44s
[acceptance] END name=phase07-pytest duration=1s exit_code=0 timeout=false
[acceptance] START name=phase07-js timeout=120s command=node --test gateway/control/static/js/components/terminal_snapshot_renderer.test.mjs gateway/control/static/js/components/replay_snapshot_state.test.mjs
TAP version 13
# Subtest: factory creates ReplaySnapshotState
ok 1 - factory creates ReplaySnapshotState
  ---
  duration_ms: 2.224192
  ...
# Subtest: initial state is not initialized
ok 2 - initial state is not initialized
  ---
  duration_ms: 0.497986
  ...
# Subtest: loadInitialSnapshot succeeds with valid payload
ok 3 - loadInitialSnapshot succeeds with valid payload
  ---
  duration_ms: 0.303385
  ...
# Subtest: loadInitialSnapshot fails with null
ok 4 - loadInitialSnapshot fails with null
  ---
  duration_ms: 0.136889
  ...
# Subtest: loadInitialSnapshot fails with invalid payload
ok 5 - loadInitialSnapshot fails with invalid payload
  ---
  duration_ms: 0.194646
  ...
# Subtest: applyCheckpoint replaces state
ok 6 - applyCheckpoint replaces state
  ---
  duration_ms: 0.280432
  ...
# Subtest: applyCheckpoint fails with null
ok 7 - applyCheckpoint fails with null
  ---
  duration_ms: 0.180987
  ...
# Subtest: applyEventDiff applies cell change
ok 8 - applyEventDiff applies cell change
  ---
  duration_ms: 0.456445
  ...
# Subtest: applyEventDiff rejects null diff
ok 9 - applyEventDiff rejects null diff
  ---
  duration_ms: 0.407072
  ...
# Subtest: applyEventDiff rejects base_seq_global mismatch
ok 10 - applyEventDiff rejects base_seq_global mismatch
  ---
  duration_ms: 0.380283
  ...
# Subtest: applyEventDiff rejects base_text_sig mismatch
ok 11 - applyEventDiff rejects base_text_sig mismatch
  ---
  duration_ms: 0.31203
  ...
# Subtest: applyEventDiff only called once per event
ok 12 - applyEventDiff only called once per event
  ---
  duration_ms: 0.163649
  ...
# Subtest: checkpoint + diffs produces correct final state
ok 13 - checkpoint + diffs produces correct final state
  ---
  duration_ms: 0.219346
  ...
# Subtest: geometry change via checkpoint preserves cells
ok 14 - geometry change via checkpoint preserves cells
  ---
  duration_ms: 0.121293
  ...
# Subtest: renderHtml returns HTML string
ok 15 - renderHtml returns HTML string
  ---
  duration_ms: 0.286502
  ...
# Subtest: renderText returns text preserving geometry
ok 16 - renderText returns text preserving geometry
  ---
  duration_ms: 0.144914
  ...
# Subtest: clone produces independent copy
ok 17 - clone produces independent copy
  ---
  duration_ms: 0.130737
  ...
# Subtest: reset clears all state
ok 18 - reset clears all state
  ---
  duration_ms: 0.108952
  ...
# Subtest: textSig and visualSig reflect current state
ok 19 - textSig and visualSig reflect current state
  ---
  duration_ms: 0.110686
  ...
# decodeSnapshotPayload: payload invalido
# Subtest: validateSnapshotPayload accepts valid snapshot
ok 20 - validateSnapshotPayload accepts valid snapshot
  ---
  duration_ms: 4.241058
  ...
# Subtest: validateSnapshotPayload rejects null
ok 21 - validateSnapshotPayload rejects null
  ---
  duration_ms: 0.125809
  ...
# Subtest: validateSnapshotPayload rejects missing cells/runs
ok 22 - validateSnapshotPayload rejects missing cells/runs
  ---
  duration_ms: 0.143761
  ...
# Subtest: validateSnapshotPayload rejects huge geometry
ok 23 - validateSnapshotPayload rejects huge geometry
  ---
  duration_ms: 0.102863
  ...
# Subtest: validateSnapshotPayload rejects zero rows
ok 24 - validateSnapshotPayload rejects zero rows
  ---
  duration_ms: 0.108268
  ...
# Subtest: validateSnapshotPayload rejects negative cols
ok 25 - validateSnapshotPayload rejects negative cols
  ---
  duration_ms: 0.128504
  ...
# Subtest: validateSnapshotPayload rejects float rows
ok 26 - validateSnapshotPayload rejects float rows
  ---
  duration_ms: 0.130339
  ...
# Subtest: decodeSnapshotPayload handles compact format
ok 27 - decodeSnapshotPayload handles compact format
  ---
  duration_ms: 0.601701
  ...
# Subtest: decodeSnapshotPayload handles cells directly
ok 28 - decodeSnapshotPayload handles cells directly
  ---
  duration_ms: 0.633842
  ...
# Subtest: decodeSnapshotPayload rejects huge geometry
ok 29 - decodeSnapshotPayload rejects huge geometry
  ---
  duration_ms: 1.540296
  ...
# Subtest: applyDiff applies cell changes
ok 30 - applyDiff applies cell changes
  ---
  duration_ms: 0.909538
  ...
# Subtest: applyDiff updates text_sig and visual_sig
ok 31 - applyDiff updates text_sig and visual_sig
  ---
  duration_ms: 0.211337
  ...
# Subtest: applyDiff handles geometry change
ok 32 - applyDiff handles geometry change
  ---
  duration_ms: 0.187213
  ...
# Subtest: cloneSnapshot deep copies cells
ok 33 - cloneSnapshot deep copies cells
  ---
  duration_ms: 0.123407
  ...
# Subtest: renderSnapshotToHtml produces spans with classes
ok 34 - renderSnapshotToHtml produces spans with classes
  ---
  duration_ms: 0.362145
  ...
# Subtest: renderSnapshotToHtml groups consecutive same-attrs cells
ok 35 - renderSnapshotToHtml groups consecutive same-attrs cells
  ---
  duration_ms: 0.244094
  ...
# Subtest: renderSnapshotToText preserves geometry
ok 36 - renderSnapshotToText preserves geometry
  ---
  duration_ms: 0.353992
  ...
# Subtest: renderSnapshotToHtml handles empty snapshot
ok 37 - renderSnapshotToHtml handles empty snapshot
  ---
  duration_ms: 0.225792
  ...
# Subtest: validateDiffPayload accepts valid diff
ok 38 - validateDiffPayload accepts valid diff
  ---
  duration_ms: 0.190775
  ...
# Subtest: validateDiffPayload rejects invalid
ok 39 - validateDiffPayload rejects invalid
  ---
  duration_ms: 0.190051
  ...
# Subtest: Unicode outside BMP not split into surrogate pairs
ok 40 - Unicode outside BMP not split into surrogate pairs
  ---
  duration_ms: 0.392885
  ...
1..40
# tests 40
# suites 0
# pass 40
# fail 0
# cancelled 0
# skipped 0
# todo 0
# duration_ms 111.731239
[acceptance] END name=phase07-js duration=0s exit_code=0 timeout=false
[acceptance] GATE PASSED
exit_code=0
